<!DOCTYPE html PUBLIC "-//W3C//DTD XHTML 1.1//EN" "https://www.w3.org/TR/xhtml11/DTD/xhtml11.dtd">
<html xmlns="https://www.w3.org/1999/xhtml">
<head>
<meta http-equiv="content-type" content="text/html; charset=UTF-8"/>
<title>TestNG Report</title>
<style type="text/css">table {margin-bottom:10px;border-collapse:collapse;empty-cells:show}th,td {border:1px solid #009;padding:.25em .5em}th {vertical-align:bottom}td {vertical-align:top}table a {font-weight:bold}.stripe td {background-color: #E6EBF9}.num {text-align:right}.passedodd td {background-color: #3F3}.passedeven td {background-color: #0A0}.skippedodd td {background-color: #DDD}.skippedeven td {background-color: #CCC}.failedodd td,.attn {background-color: #F33}.failedeven td,.stripe .attn {background-color: #D00}.stacktrace {white-space:pre;font-family:monospace}.totop {font-size:85%;text-align:center;border-bottom:2px solid #000}.invisible {display:none}</style>
</head>
<body>
<table>
<tr><th>Test</th><th># Passed</th><th># Skipped</th><th># Retried</th><th># Failed</th><th>Time (ms)</th><th>Included Groups</th><th>Excluded Groups</th></tr>
<tr><th colspan="8">BankingApplicationAutomationSuite</th></tr>
<tr><td><a href="#t0">Regression</a></td><td class="num">20</td><td class="num attn">1</td><td class="num">0</td><td class="num attn">10</td><td class="num">17,839</td><td></td><td></td></tr>
<tr class="stripe"><td><a href="#t1">Smoke</a></td><td class="num">1</td><td class="num">0</td><td class="num">0</td><td class="num attn">1</td><td class="num">22,016</td><td></td><td></td></tr>
<tr><th>Total</th><th class="num">21</th><th class="num attn">1</th><th class="num">0</th><th class="num attn">11</th><th class="num">39,855</th><th colspan="2"></th></tr>
</table>
<table id='summary'><thead><tr><th>Class</th><th>Method</th><th>Start</th><th>Time (ms)</th></tr></thead><tbody><tr><th colspan="4">BankingApplicationAutomationSuite</th></tr></tbody><tbody id="t0"><tr><th colspan="4">Regression &#8212; failed</th></tr><tr class="failedeven"><td rowspan="3">assertion.AssertionClass</td><td><a href="#m0">A</a></td><td rowspan="1">1651636526725</td><td rowspan="1">23</td></tr><tr class="failedeven"><td><a href="#m1">B</a></td><td rowspan="1">1651636526773</td><td rowspan="1">4</td></tr><tr class="failedeven"><td><a href="#m2">verifyUserCanUploadFile</a></td><td rowspan="1">1651636526780</td><td rowspan="1">5</td></tr><tr class="failedodd"><td rowspan="3">assertion.SoftAssertionClass</td><td><a href="#m3">A</a></td><td rowspan="1">1651636526723</td><td rowspan="1">67</td></tr><tr class="failedodd"><td><a href="#m4">B</a></td><td rowspan="1">1651636526848</td><td rowspan="1">8</td></tr><tr class="failedodd"><td><a href="#m5">verifyUserCanUploadFile</a></td><td rowspan="1">1651636526859</td><td rowspan="1">7</td></tr><tr class="failedeven"><td rowspan="1">dependent.DependentTestCasesInTestNG</td><td><a href="#m6">verifyUserCanBeEdited</a></td><td rowspan="1">1651636527012</td><td rowspan="1">11</td></tr><tr class="failedodd"><td rowspan="2">enable.EnabledInTestNG</td><td><a href="#m7">A</a></td><td rowspan="1">1651636526725</td><td rowspan="1">23</td></tr><tr class="failedodd"><td><a href="#m8">B</a></td><td rowspan="1">1651636526833</td><td rowspan="1">13</td></tr><tr class="failedeven"><td rowspan="1">invocation.InvocationInTestNG</td><td><a href="#m9">sampleTestCase</a></td><td rowspan="1">1651636526905</td><td rowspan="1">2</td></tr><tr><th colspan="4">Regression &#8212; skipped</th></tr><tr class="skippedeven"><td rowspan="1">dependent.DependentTestCasesInTestNG</td><td><a href="#m10">verifyUserCanBeDeleted</a></td><td rowspan="1">1651636527163</td><td rowspan="1">0</td></tr><tr><th colspan="4">Regression &#8212; passed</th></tr><tr class="passedeven"><td rowspan="3">annotations.AnnotationsTestNG</td><td><a href="#m11">A</a></td><td rowspan="1">1651636526725</td><td rowspan="1">7</td></tr><tr class="passedeven"><td><a href="#m12">B</a></td><td rowspan="1">1651636526744</td><td rowspan="1">7</td></tr><tr class="passedeven"><td><a href="#m13">verifyUserCanUploadFile</a></td><td rowspan="1">1651636526760</td><td rowspan="1">2</td></tr><tr class="passedodd"><td rowspan="2">annotations.SampleAnnotationTestNG</td><td><a href="#m14">verifyUserCanLoginWithValiedCredentials</a></td><td rowspan="1">1651636526981</td><td rowspan="1">9</td></tr><tr class="passedodd"><td><a href="#m15">verifyUserCanNotLoginWithInValiedCredentials</a></td><td rowspan="1">1651636527005</td><td rowspan="1">8</td></tr><tr class="passedeven"><td rowspan="1">assertion.AssertionClass</td><td><a href="#m16">zTestCase</a></td><td rowspan="1">1651636526789</td><td rowspan="1">98</td></tr><tr class="passedodd"><td rowspan="1">assertion.SoftAssertionClass</td><td><a href="#m17">zTestCase</a></td><td rowspan="1">1651636526943</td><td rowspan="1">17</td></tr><tr class="passedeven"><td rowspan="1">brockenlink.BrockenLinkClass</td><td><a href="#m18">verifyURLIsBrockenOrNot</a></td><td rowspan="1">1651636526919</td><td rowspan="1">2089</td></tr><tr class="passedodd"><td rowspan="2">dataprovider.DataProviderInTestNG</td><td><a href="#m19">addNewUserInSystem</a></td><td rowspan="2">1651636526815</td><td rowspan="2">60</td></tr><tr class="passedodd"><td><a href="#m20">addNewUserInSystem</a></td></tr><tr class="passedeven"><td rowspan="2">dataprovider.DataProviderInTestNG2</td><td><a href="#m21">addNewUserInSystem</a></td><td rowspan="2">1651636541200</td><td rowspan="2">3296</td></tr><tr class="passedeven"><td><a href="#m22">addNewUserInSystem</a></td></tr><tr class="passedodd"><td rowspan="1">dependent.DependentTestCasesInTestNG</td><td><a href="#m23">verifyUserCanBeAdded</a></td><td rowspan="1">1651636526943</td><td rowspan="1">4</td></tr><tr class="passedeven"><td rowspan="4">invocation.InvocationInTestNG</td><td><a href="#m24">sampleTestCase</a></td><td rowspan="4">1651636526932</td><td rowspan="4">9</td></tr><tr class="passedeven"><td><a href="#m25">sampleTestCase</a></td></tr><tr class="passedeven"><td><a href="#m26">sampleTestCase</a></td></tr><tr class="passedeven"><td><a href="#m27">sampleTestCase</a></td></tr><tr class="passedodd"><td rowspan="3">priority.PriorityInTestNG</td><td><a href="#m28">A</a></td><td rowspan="1">1651636527086</td><td rowspan="1">3</td></tr><tr class="passedodd"><td><a href="#m29">B</a></td><td rowspan="1">1651636527116</td><td rowspan="1">9</td></tr><tr class="passedodd"><td><a href="#m30">verifyUserCanUploadFile</a></td><td rowspan="1">1651636527099</td><td rowspan="1">9</td></tr></tbody>
<tbody id="t1"><tr><th colspan="4">Smoke &#8212; failed</th></tr><tr class="failedeven"><td rowspan="1">brockenlink.BrockenLinkClass5</td><td><a href="#m31">verifyURLIsBrockenOrNot</a></td><td rowspan="1">1651636544989</td><td rowspan="1">21973</td></tr><tr><th colspan="4">Smoke &#8212; passed</th></tr><tr class="passedeven"><td rowspan="1">ktctc.DM21MavenProject.Sample</td><td><a href="#m32">verifyUserCanUploadFile</a></td><td rowspan="1">1651636544957</td><td rowspan="1">1</td></tr></tbody>
</table>
<h2>Regression</h2><h3 id="m0">assertion.AssertionClass#A</h3><table class="result"><tr><th>Exception</th></tr><tr><td><div class="stacktrace">java.lang.AssertionError: did not expect [450] but found [450]
	at assertion.AssertionClass.A(AssertionClass.java:34)
	at java.util.concurrent.ThreadPoolExecutor.runWorker(Unknown Source)
	at java.util.concurrent.ThreadPoolExecutor$Worker.run(Unknown Source)
	at java.lang.Thread.run(Unknown Source)
... Removed 17 stack frames</div></td></tr></table><p class="totop"><a href="#summary">back to summary</a></p>
<h3 id="m1">assertion.AssertionClass#B</h3><table class="result"><tr><th>Exception</th></tr><tr><td><div class="stacktrace">java.lang.AssertionError: User is displayed after deletion expected [false] but found [true]
	at assertion.AssertionClass.B(AssertionClass.java:18)
	at java.util.concurrent.ThreadPoolExecutor.runWorker(Unknown Source)
	at java.util.concurrent.ThreadPoolExecutor$Worker.run(Unknown Source)
	at java.lang.Thread.run(Unknown Source)
... Removed 15 stack frames</div></td></tr></table><p class="totop"><a href="#summary">back to summary</a></p>
<h3 id="m2">assertion.AssertionClass#verifyUserCanUploadFile</h3><table class="result"><tr><th>Exception</th></tr><tr><td><div class="stacktrace">java.lang.AssertionError: Object got initialized falsly expected [null] but found [ktctc.DM21MavenProject.FileUploadClass@79360a39]
	at assertion.AssertionClass.verifyUserCanUploadFile(AssertionClass.java:43)
	at java.util.concurrent.ThreadPoolExecutor.runWorker(Unknown Source)
	at java.util.concurrent.ThreadPoolExecutor$Worker.run(Unknown Source)
	at java.lang.Thread.run(Unknown Source)
... Removed 15 stack frames</div></td></tr></table><p class="totop"><a href="#summary">back to summary</a></p>
<h3 id="m3">assertion.SoftAssertionClass#A</h3><table class="result"><tr><th>Exception</th></tr><tr><td><div class="stacktrace">java.lang.AssertionError: The following asserts failed:
	expected [4500] but found [450],
	did not expect [450] but found [450]
	at assertion.SoftAssertionClass.A(SoftAssertionClass.java:42)
	at java.util.concurrent.ThreadPoolExecutor.runWorker(Unknown Source)
	at java.util.concurrent.ThreadPoolExecutor$Worker.run(Unknown Source)
	at java.lang.Thread.run(Unknown Source)
... Removed 14 stack frames</div></td></tr></table><p class="totop"><a href="#summary">back to summary</a></p>
<h3 id="m4">assertion.SoftAssertionClass#B</h3><table class="result"><tr><th>Exception</th></tr><tr><td><div class="stacktrace">java.lang.AssertionError: The following asserts failed:
	User is displayed after deletion expected [false] but found [true]
	at assertion.SoftAssertionClass.B(SoftAssertionClass.java:24)
	at java.util.concurrent.ThreadPoolExecutor.runWorker(Unknown Source)
	at java.util.concurrent.ThreadPoolExecutor$Worker.run(Unknown Source)
	at java.lang.Thread.run(Unknown Source)
... Removed 14 stack frames</div></td></tr></table><p class="totop"><a href="#summary">back to summary</a></p>
<h3 id="m5">assertion.SoftAssertionClass#verifyUserCanUploadFile</h3><table class="result"><tr><th>Exception</th></tr><tr><td><div class="stacktrace">java.lang.AssertionError: The following asserts failed:
	Object got initialized falsly expected [null] but found [ktctc.DM21MavenProject.FileUploadClass@28467807]
	at assertion.SoftAssertionClass.verifyUserCanUploadFile(SoftAssertionClass.java:53)
	at java.util.concurrent.ThreadPoolExecutor.runWorker(Unknown Source)
	at java.util.concurrent.ThreadPoolExecutor$Worker.run(Unknown Source)
	at java.lang.Thread.run(Unknown Source)
... Removed 14 stack frames</div></td></tr></table><p class="totop"><a href="#summary">back to summary</a></p>
<h3 id="m6">dependent.DependentTestCasesInTestNG#verifyUserCanBeEdited</h3><table class="result"><tr><th>Exception</th></tr><tr><td><div class="stacktrace">java.lang.AssertionError: expected [true] but found [false]
	at dependent.DependentTestCasesInTestNG.verifyUserCanBeEdited(DependentTestCasesInTestNG.java:19)
	at java.util.concurrent.ThreadPoolExecutor.runWorker(Unknown Source)
	at java.util.concurrent.ThreadPoolExecutor$Worker.run(Unknown Source)
	at java.lang.Thread.run(Unknown Source)
... Removed 16 stack frames</div></td></tr></table><p class="totop"><a href="#summary">back to summary</a></p>
<h3 id="m7">enable.EnabledInTestNG#A</h3><table class="result"><tr><th>Exception</th></tr><tr><td><div class="stacktrace">java.lang.AssertionError: did not expect [450] but found [450]
	at enable.EnabledInTestNG.A(EnabledInTestNG.java:31)
	at java.util.concurrent.ThreadPoolExecutor.runWorker(Unknown Source)
	at java.util.concurrent.ThreadPoolExecutor$Worker.run(Unknown Source)
	at java.lang.Thread.run(Unknown Source)
... Removed 17 stack frames</div></td></tr></table><p class="totop"><a href="#summary">back to summary</a></p>
<h3 id="m8">enable.EnabledInTestNG#B</h3><table class="result"><tr><th>Exception</th></tr><tr><td><div class="stacktrace">java.lang.AssertionError: User is displayed after deletion expected [false] but found [true]
	at enable.EnabledInTestNG.B(EnabledInTestNG.java:15)
	at java.util.concurrent.ThreadPoolExecutor.runWorker(Unknown Source)
	at java.util.concurrent.ThreadPoolExecutor$Worker.run(Unknown Source)
	at java.lang.Thread.run(Unknown Source)
... Removed 15 stack frames</div></td></tr></table><p class="totop"><a href="#summary">back to summary</a></p>
<h3 id="m9">invocation.InvocationInTestNG#sampleTestCase</h3><table class="result"><tr><th>Exception</th></tr><tr><td><div class="stacktrace">java.lang.AssertionError: expected [true] but found [false]
	at invocation.InvocationInTestNG.sampleTestCase(InvocationInTestNG.java:16)
	at java.util.concurrent.ThreadPoolExecutor.runWorker(Unknown Source)
	at java.util.concurrent.ThreadPoolExecutor$Worker.run(Unknown Source)
	at java.lang.Thread.run(Unknown Source)
... Removed 16 stack frames</div></td></tr></table><p class="totop"><a href="#summary">back to summary</a></p>
<h3 id="m10">dependent.DependentTestCasesInTestNG#verifyUserCanBeDeleted</h3><table class="result"><tr><th>Exception</th></tr><tr><td><div class="stacktrace">java.lang.Throwable: Method DependentTestCasesInTestNG.verifyUserCanBeDeleted()[pri:0, instance:dependent.DependentTestCasesInTestNG@2781e022] depends on not successfully finished methods
	at java.util.concurrent.ThreadPoolExecutor.runWorker(Unknown Source)
	at java.util.concurrent.ThreadPoolExecutor$Worker.run(Unknown Source)
	at java.lang.Thread.run(Unknown Source)
... Removed 3 stack frames</div></td></tr></table><p class="totop"><a href="#summary">back to summary</a></p>
<h3 id="m11">annotations.AnnotationsTestNG#A</h3><table class="result"><tr><th class="invisible"/></tr></table><p class="totop"><a href="#summary">back to summary</a></p>
<h3 id="m12">annotations.AnnotationsTestNG#B</h3><table class="result"><tr><th class="invisible"/></tr></table><p class="totop"><a href="#summary">back to summary</a></p>
<h3 id="m13">annotations.AnnotationsTestNG#verifyUserCanUploadFile</h3><table class="result"><tr><th class="invisible"/></tr></table><p class="totop"><a href="#summary">back to summary</a></p>
<h3 id="m14">annotations.SampleAnnotationTestNG#verifyUserCanLoginWithValiedCredentials</h3><table class="result"><tr><th class="invisible"/></tr></table><p class="totop"><a href="#summary">back to summary</a></p>
<h3 id="m15">annotations.SampleAnnotationTestNG#verifyUserCanNotLoginWithInValiedCredentials</h3><table class="result"><tr><th class="invisible"/></tr></table><p class="totop"><a href="#summary">back to summary</a></p>
<h3 id="m16">assertion.AssertionClass#zTestCase</h3><table class="result"><tr><th class="invisible"/></tr></table><p class="totop"><a href="#summary">back to summary</a></p>
<h3 id="m17">assertion.SoftAssertionClass#zTestCase</h3><table class="result"><tr><th class="invisible"/></tr></table><p class="totop"><a href="#summary">back to summary</a></p>
<h3 id="m18">brockenlink.BrockenLinkClass#verifyURLIsBrockenOrNot</h3><table class="result"><tr><th class="invisible"/></tr></table><p class="totop"><a href="#summary">back to summary</a></p>
<h3 id="m19">dataprovider.DataProviderInTestNG#addNewUserInSystem</h3><table class="result"><tr class="param"><th>Parameter #1</th><th>Parameter #2</th><th>Parameter #3</th><th>Parameter #4</th><th>Parameter #5</th><th>Parameter #6</th></tr><tr class="param stripe"><td>Amit</td><td>patil</td><td>amit@patil.com</td><td>23</td><td>34567</td><td>IT</td></tr></table><p class="totop"><a href="#summary">back to summary</a></p>
<h3 id="m20">dataprovider.DataProviderInTestNG#addNewUserInSystem</h3><table class="result"><tr class="param"><th>Parameter #1</th><th>Parameter #2</th><th>Parameter #3</th><th>Parameter #4</th><th>Parameter #5</th><th>Parameter #6</th></tr><tr class="param stripe"><td>Amol</td><td>Pawar</td><td>amol@pawar.com</td><td>45</td><td>44567</td><td>Software</td></tr></table><p class="totop"><a href="#summary">back to summary</a></p>
<h3 id="m21">dataprovider.DataProviderInTestNG2#addNewUserInSystem</h3><table class="result"><tr class="param"><th>Parameter #1</th><th>Parameter #2</th><th>Parameter #3</th><th>Parameter #4</th><th>Parameter #5</th><th>Parameter #6</th></tr><tr class="param stripe"><td>Amol</td><td>Pawar</td><td>amol@pawar.com</td><td>45</td><td>44567</td><td>Software</td></tr></table><p class="totop"><a href="#summary">back to summary</a></p>
<h3 id="m22">dataprovider.DataProviderInTestNG2#addNewUserInSystem</h3><table class="result"><tr class="param"><th>Parameter #1</th><th>Parameter #2</th><th>Parameter #3</th><th>Parameter #4</th><th>Parameter #5</th><th>Parameter #6</th></tr><tr class="param stripe"><td>Amit</td><td>patil</td><td>amit@patil.com</td><td>23</td><td>34567</td><td>IT</td></tr></table><p class="totop"><a href="#summary">back to summary</a></p>
<h3 id="m23">dependent.DependentTestCasesInTestNG#verifyUserCanBeAdded</h3><table class="result"><tr><th class="invisible"/></tr></table><p class="totop"><a href="#summary">back to summary</a></p>
<h3 id="m24">invocation.InvocationInTestNG#sampleTestCase</h3><table class="result"><tr><th class="invisible"/></tr></table><p class="totop"><a href="#summary">back to summary</a></p>
<h3 id="m25">invocation.InvocationInTestNG#sampleTestCase</h3><table class="result"><tr><th class="invisible"/></tr></table><p class="totop"><a href="#summary">back to summary</a></p>
<h3 id="m26">invocation.InvocationInTestNG#sampleTestCase</h3><table class="result"><tr><th class="invisible"/></tr></table><p class="totop"><a href="#summary">back to summary</a></p>
<h3 id="m27">invocation.InvocationInTestNG#sampleTestCase</h3><table class="result"><tr><th class="invisible"/></tr></table><p class="totop"><a href="#summary">back to summary</a></p>
<h3 id="m28">priority.PriorityInTestNG#A</h3><table class="result"><tr><th class="invisible"/></tr></table><p class="totop"><a href="#summary">back to summary</a></p>
<h3 id="m29">priority.PriorityInTestNG#B</h3><table class="result"><tr><th class="invisible"/></tr></table><p class="totop"><a href="#summary">back to summary</a></p>
<h3 id="m30">priority.PriorityInTestNG#verifyUserCanUploadFile</h3><table class="result"><tr><th class="invisible"/></tr></table><p class="totop"><a href="#summary">back to summary</a></p>
<h2>Smoke</h2><h3 id="m31">brockenlink.BrockenLinkClass5#verifyURLIsBrockenOrNot</h3><table class="result"><tr><th>Exception</th></tr><tr><td><div class="stacktrace">java.lang.AssertionError: The following asserts failed:
	https://demoqa.com/bad-request is brocken with Response code = 400 And response message = Bad Request expected [true] but found [false],
	https://demoqa.com/unauthorized is brocken with Response code = 401 And response message = Unauthorized expected [true] but found [false],
	https://demoqa.com/forbidden is brocken with Response code = 403 And response message = Forbidden expected [true] but found [false],
	https://demoqa.com/invalid-url is brocken with Response code = 404 And response message = Not Found expected [true] but found [false]
	at brockenlink.BrockenLinkClass5.verifyURLIsBrockenOrNot(BrockenLinkClass5.java:58)
	at java.util.ArrayList.forEach(Unknown Source)
... Removed 29 stack frames</div></td></tr></table><p class="totop"><a href="#summary">back to summary</a></p>
<h3 id="m32">ktctc.DM21MavenProject.Sample#verifyUserCanUploadFile</h3><table class="result"><tr><th class="invisible"/></tr></table><p class="totop"><a href="#summary">back to summary</a></p>
</body>
</html>
